2025-10-23 13:26:16 [INFO] com.parabank.qa.listeners.ExtentReportListener: ✅ -----Test Started-----: runScenario
2025-10-23 13:26:16 [INFO] com.parabank.qa.hooks.Hooks: 🔧 [Before] Starting driver setup for scenario
2025-10-23 13:26:17 [INFO] com.parabank.qa.hooks.Hooks: 🌐 Navigating to URL: https://parabank.parasoft.com/
2025-10-23 13:26:18 [INFO] com.parabank.qa.hooks.Hooks: 📝 ExtentTest started for scenario: Transfer funds between user's accounts
2025-10-23 13:26:19 [INFO] com.parabank.qa.helpers.AssertionHelper: ✅ Assert TRUE: User should be logged in and land on Accounts Overview page
2025-10-23 13:26:19 [INFO] com.parabank.qa.stepdefinitions.TransferFundsSteps: fromAccount 14343
2025-10-23 13:26:19 [INFO] com.parabank.qa.stepdefinitions.TransferFundsSteps: toAccount 16452
2025-10-23 13:26:44 [INFO] com.parabank.qa.hooks.Hooks: 🧹 [After] Cleaning up driver after scenario
2025-10-23 13:26:45 [INFO] com.parabank.qa.helpers.ScreenshotUtil: 📸 Screenshot captured: logs/run_20251023_132615/screenshots/Transfer funds between user's accounts_20251023_132645.png
2025-10-23 13:26:45 [ERROR] com.parabank.qa.listeners.ExtentReportListener: ❌---- Test Failed----: runScenario
org.openqa.selenium.TimeoutException: Expected condition failed: waiting for alert to be present (tried for 20 second(s) with 500 milliseconds interval)
Build info: version: '4.21.0', revision: '79ed462ef4'
System info: os.name: 'Windows 11', os.arch: 'amd64', os.version: '10.0', java.version: '21.0.6'
Driver info: org.openqa.selenium.chrome.ChromeDriver
Capabilities {acceptInsecureCerts: false, browserName: chrome, browserVersion: 141.0.7390.108, chrome: {chromedriverVersion: 141.0.7390.122 (b477534e7e1..., userDataDir: C:\Users\thati\AppData\Loca...}, fedcm:accounts: true, goog:chromeOptions: {debuggerAddress: localhost:52530}, networkConnectionEnabled: false, pageLoadStrategy: normal, platformName: windows, proxy: Proxy(), se:cdp: ws://localhost:52530/devtoo..., se:cdpVersion: 141.0.7390.108, setWindowRect: true, strictFileInteractability: false, timeouts: {implicit: 0, pageLoad: 300000, script: 30000}, unhandledPromptBehavior: dismiss and notify, webauthn:extension:credBlob: true, webauthn:extension:largeBlob: true, webauthn:extension:minPinLength: true, webauthn:extension:prf: true, webauthn:virtualAuthenticators: true}
Session ID: d19595c5cf3b1ca779fd1fa4023d825e
	at org.openqa.selenium.support.ui.WebDriverWait.timeoutException(WebDriverWait.java:84)
	at org.openqa.selenium.support.ui.FluentWait.until(FluentWait.java:228)
	at com.parabank.qa.helpers.WaitHelper.waitForAlertPresent(WaitHelper.java:48)
	at com.parabank.qa.stepdefinitions.TransferFundsSteps.user_transfers_between_accounts(TransferFundsSteps.java:92)
	at ✽.the user transfers "$500" between their accounts(file:///C:/Users/thati/eclipse-workspace/JavaProgramming/Parabank-automation-project/src/test/resources/features/transfer-funds.feature:9)
2025-10-23 13:26:45 [ERROR] com.parabank.qa.helpers.ScreenshotUtil: WebDriver instance is null. Cannot take screenshot.
2025-10-23 13:26:45 [INFO] com.parabank.qa.listeners.ExtentReportListener: 📄 Extent Report Flushed and Finalized.
